<?xml version="1.0" encoding="UTF-8"?>
<!-- Generated by org.testng.reporters.JUnitXMLReporter -->
<testsuite ignored="1" hostname="EVC156-2" failures="1" tests="1" name="Default test(failed)" time="0.05" errors="0" timestamp="2022-03-20T13:04:51 IST">
  <testcase classname="basics.TestNGAnnotaions" name="test1" time="0.008">
    <failure type="java.lang.AssertionError" message="The following asserts failed:
	expected [false] but found [true]">
      <![CDATA[java.lang.AssertionError: The following asserts failed:
expected [false] but found [true]
at basics.TestNGAnnotaions.test1(TestNGAnnotaions.java:69)
at java.base/java.util.ArrayList.forEach(ArrayList.java:1511)
... Removed 29 stack frames]]>
    </failure>
  </testcase> <!-- test1 -->
  <testcase classname="basics.TestNGAnnotaions" name="test2" time="0.0">
    <ignored/>
  </testcase> <!-- test2 -->
</testsuite> <!-- Default test(failed) -->
