<?xml version="1.0" encoding="UTF-8"?>
<!-- Generated by org.testng.reporters.JUnitXMLReporter -->
<testsuite ignored="0" hostname="EVC156-2" failures="0" tests="2" name="BeforeSuite" time="0.038" errors="0" timestamp="2022-03-20T15:28:11 IST">
  <testcase classname="testNGCrossbrowser.CrossbrowserTest" name="@BeforeSuite setUp" time="-1.647770291107E9">
    <failure type="org.testng.TestNGException" message="
Parameter &amp;apos;browser&amp;apos; is required by BeforeSuite on method setUp but has not been marked @Optional or defined
in C:\Users\Lucky\eclipse-workspace\Selenium\crossbrowser.xml">
      <![CDATA[org.testng.TestNGException: 
Parameter 'browser' is required by BeforeSuite on method setUp but has not been marked @Optional or defined
in C:\Users\Lucky\eclipse-workspace\Selenium\crossbrowser.xml
... Removed 16 stack frames]]>
    </failure>
  </testcase> <!-- @BeforeSuite setUp -->
  <testcase classname="testNGCrossbrowser.CrossbrowserTest" name="@BeforeClass openApplication" time="-1.647770291136E9">
    <skipped/>
  </testcase> <!-- @BeforeClass openApplication -->
  <testcase classname="testNGCrossbrowser.CrossbrowserTest" name="btndVisible" time="0.0">
    <skipped/>
  </testcase> <!-- btndVisible -->
  <testcase classname="testNGCrossbrowser.CrossbrowserTest" name="txtFieldVisible" time="0.0">
    <skipped/>
  </testcase> <!-- txtFieldVisible -->
</testsuite> <!-- BeforeSuite -->
